Base path: 'C:/Program Files/Unity/Hub/Editor/2019.4.16f1/Editor/Data', plugins path 'C:/Program Files/Unity/Hub/Editor/2019.4.16f1/Editor/Data/PlaybackEngines'
Cmd: initializeCompiler
Cmd: compileComputeKernel
  api=14 insize=18337 outsize=9370 ok=1
Cmd: translateComputeKernel
  api=14 insize=11447 outsize=25070 ok=1
Cmd: compileComputeKernel
  api=14 insize=1562 outsize=1795 ok=1
Cmd: translateComputeKernel
  api=14 insize=1795 outsize=2333 ok=1
Cmd: translateComputeKernel
  api=14 insize=7304 outsize=11329 ok=1
Cmd: compileComputeKernel
  api=14 insize=3190 outsize=48832 ok=1
Cmd: translateComputeKernel
  api=14 insize=48467 outsize=85198 ok=1
Cmd: compileComputeKernel
  api=14 insize=2167 outsize=1851 ok=1
Cmd: translateComputeKernel
  api=14 insize=1851 outsize=2909 ok=1
Cmd: compileSnippet
  api=4 type=1 insize=11820 outsize=1202 kw= pd=UNITY_NO_DXT5nm UNITY_ENABLE_REFLECTION_BUFFERS UNITY_NO_SCREENSPACE_SHADOWS UNITY_PBS_USE_BRDF2 SHADER_API_DESKTOP UNITY_HARDWARE_TIER3 UNITY_COLORSPACE_GAMMA UNITY_LIGHTMAP_DLDR_ENCODING ok=1
