Base path: 'C:/Program Files/Unity/Hub/Editor/2019.4.16f1/Editor/Data', plugins path 'C:/Program Files/Unity/Hub/Editor/2019.4.16f1/Editor/Data/PlaybackEngines'
Cmd: initializeCompiler
Cmd: compileComputeKernel
  api=14 insize=18337 outsize=9597 ok=1
Cmd: compileComputeKernel
  api=14 insize=1230 outsize=1412 ok=1
Cmd: translateComputeKernel
  api=14 insize=1448 outsize=1556 ok=1
Cmd: compileComputeKernel
  api=14 insize=5017 outsize=10966 ok=1
Cmd: translateComputeKernel
  api=14 insize=5372 outsize=7542 ok=1
Cmd: compileComputeKernel
  api=4 insize=10935 outsize=10429 ok=1
Cmd: compileComputeKernel
  api=14 insize=3450 outsize=3205 ok=1
Cmd: compileSnippet
  api=4 type=1 insize=4819 outsize=2034 kw= pd=UNITY_NO_DXT5nm UNITY_ENABLE_REFLECTION_BUFFERS UNITY_NO_SCREENSPACE_SHADOWS UNITY_PBS_USE_BRDF2 SHADER_API_DESKTOP UNITY_HARDWARE_TIER3 UNITY_COLORSPACE_GAMMA UNITY_LIGHTMAP_DLDR_ENCODING ok=1
Cmd: compileSnippet
  api=4 type=1 insize=11820 outsize=5562 kw=DISTORT BLOOM FINALPASS COLOR_GRADING_HDR_3D pd=UNITY_NO_DXT5nm UNITY_ENABLE_REFLECTION_BUFFERS UNITY_NO_SCREENSPACE_SHADOWS UNITY_PBS_USE_BRDF2 SHADER_API_DESKTOP UNITY_HARDWARE_TIER3 UNITY_COLORSPACE_GAMMA UNITY_LIGHTMAP_DLDR_ENCODING ok=1
